********************************************************************************
PACKAGE-LOG: 2015-03-25 20:32:05
NOTICE: Do NOT post to public sites or forums 
********************************************************************************
VERSION:	0.5.12
WORDPRESS:	4.1.1
PHP INFO:	5.3.28 | SAPI: apache2handler
SERVER:		Apache/2.4.9 (Unix) PHP/5.3.28 mod_wsgi/3.4 Python/2.7.6 OpenSSL/1.0.1g 
PHP TIME LIMIT: (0) no time limit imposed 
PHP MAX MEMORY: 5000M (128M default) 
MEMORY STACK: 26.75MB 

********************************************************************************
DATABASE:
********************************************************************************
BUILD MODE:   PHP (query limit - 100)
MYSQLDUMP:    Not Supported
MYSQLTIMEOUT: 5000 
TABLES: total:12 | filtered:0 | create:12 
FILTERED: [] 
SQL CREATED: tkorlando_sandbox_55131b2d454877625150325203141_database.sql 
SQL FILE SIZE: 2.02MB 
SQL FILE TIME: 2015-03-25 20:32:05 
SQL RUNTIME: 0.70 sec. 

******************************************************************************** 
ARCHIVE (ZIP): 
******************************************************************************** 
ARCHIVE DIR:  /Applications/AMPPS/www/tko 
ARCHIVE FILE: tkorlando_sandbox_55131b2d454877625150325203141_archive.zip 
FILTERS: *ON* 
DIRS:  not set 
EXTS:  mov; 
---------------------------------------- 
COMPRESSING 
SIZE:	37.99MB 
STATS:	Dirs 178 | Files 1,790 | Links 0 
SQL ADDED: tkorlando_sandbox_55131b2d454877625150325203141_database.sql 
ZipArchive Object
(
    [status] => 0
    [statusSys] => 0
    [numFiles] => 1968
    [filename] => /Applications/AMPPS/www/tko/wp-snapshots/tmp/tkorlando_sandbox_55131b2d454877625150325203141_archive.zip
    [comment] => 
)
 
COMPRESSION RESULT: '1' 
COMPRESSED SIZE: 23.46MB 
ARCHIVE RUNTIME: 10.42 sec. 
MEMORY STACK: 27.5MB 

******************************************************************************** 
MAKE INSTALLER: 
******************************************************************************** 
Build Start 
Build Finished 
Preping for use 
Template parsed with new data 
Complete [/Applications/AMPPS/www/tko/wp-snapshots/tmp/tkorlando_sandbox_55131b2d454877625150325203141_installer.php] 
Added to archive 

******************************************************************************** 
INTEGRITY CHECKS: 
******************************************************************************** 
SQL File: 2.02MB 
Installer File: 316.85KB 
Archive File: 23.46MB  

********************************************************************************
RECORD ID:[1]
TOTAL PROCESS RUNTIME: 12.43 sec.
PEAK PHP MEMORY USED: 30.5MB
DONE PROCESSING => tkorlando_sandbox 2015-03-25 20:32:17
 
